2025-04-14 02:13:17,657 INFO Отчет по аренде:
Всего машин: 3
Арендованных машин: 0
2025-04-14 02:14:06,251 INFO Отчет по аренде:
Всего машин: 3
Арендованных машин: 0
2025-04-14 02:16:47,868 INFO Отчет по аренде:
Всего машин: 3
Арендованных машин: 0
2025-04-14 02:17:12,100 INFO Отчет по аренде:
Всего машин: 3
Арендованных машин: 0
2025-04-14 02:18:05,457 INFO Отчет по аренде:
Всего машин: 3
Арендованных машин: 0
2025-04-14 02:18:54,353 INFO Отчет по аренде:
Всего машин: 3
Арендованных машин: 0
2025-04-14 02:18:54,354 INFO Электромобиль Tesla X арендован
2025-04-14 02:19:38,264 INFO Отчет по аренде:
Всего машин: 3
Арендованных машин: 0
2025-04-14 02:19:38,265 INFO Электромобиль Tesla X арендован
2025-04-14 02:25:47,151 INFO Отчет по аренде:
Всего машин: 3
Арендованных машин: 0
2025-04-14 02:26:47,757 INFO Отчет по аренде:
Всего машин: 3
Арендованных машин: 0
2025-04-14 02:30:11,117 INFO Отчет по аренде:
Всего машин: 3
Арендованных машин: 0
2025-04-14 02:30:11,118 INFO Доступ: verified user отклонен
2025-04-14 02:30:23,723 INFO Отчет по аренде:
Всего машин: 3
Арендованных машин: 0
2025-04-14 02:30:23,724 INFO Доступ: verified user разрешен
2025-04-14 02:30:23,724 INFO Электромобиль Tesla X арендован
